/*C4*/SET SCHEMA PUBLIC
DELETE FROM TRACK WHERE ID=86
COMMIT
DELETE FROM TRACK WHERE ID=85
COMMIT
DELETE FROM TRACK WHERE ID=84
COMMIT
DELETE FROM TRACK WHERE ID=83
COMMIT
DELETE FROM TRACK WHERE ID=82
COMMIT
/*C6*/SET SCHEMA PUBLIC
DELETE FROM TRACK_IMG WHERE ID=18
SET SCHEMA SYSTEM_LOBS
DELETE FROM LOB_IDS WHERE LOB_ID=23
INSERT INTO LOB_IDS VALUES(23,502192,0,30)
COMMIT
/*C4*/DELETE FROM TRACK WHERE ID=89
COMMIT
DELETE FROM TRACK WHERE ID=88
COMMIT
DELETE FROM TRACK WHERE ID=87
COMMIT
DELETE FROM TRACK WHERE ID=81
COMMIT
DELETE FROM TRACK_IMG WHERE ID=17
SET SCHEMA SYSTEM_LOBS
DELETE FROM LOB_IDS WHERE LOB_ID=22
INSERT INTO LOB_IDS VALUES(22,502192,0,30)
COMMIT
SET SCHEMA PUBLIC
DELETE FROM TRACK_IMG WHERE ID=16
SET SCHEMA SYSTEM_LOBS
DELETE FROM LOB_IDS WHERE LOB_ID=21
INSERT INTO LOB_IDS VALUES(21,490456,0,30)
COMMIT
SET SCHEMA PUBLIC
DELETE FROM TRACK_IMG WHERE ID=15
SET SCHEMA SYSTEM_LOBS
DELETE FROM LOB_IDS WHERE LOB_ID=20
INSERT INTO LOB_IDS VALUES(20,490456,0,30)
COMMIT
SET SCHEMA PUBLIC
DELETE FROM TRACK_IMG WHERE ID=14
SET SCHEMA SYSTEM_LOBS
DELETE FROM LOB_IDS WHERE LOB_ID=19
INSERT INTO LOB_IDS VALUES(19,503992,0,30)
COMMIT
SET SCHEMA PUBLIC
DELETE FROM TRACK_GPX WHERE ID=5
DELETE FROM TRACK WHERE ID=79
SET SCHEMA SYSTEM_LOBS
DELETE FROM LOB_IDS WHERE LOB_ID=17
INSERT INTO LOB_IDS VALUES(17,659122,0,30)
COMMIT
